2018-03-03 00:09:29 INFO  TestBaby:76 - loading config.properties
2018-03-03 00:10:21 INFO  TestBaby:76 - loading config.properties
2018-03-03 00:10:21 INFO  TestBaby:81 - loading or.properties
2018-03-03 00:12:15 INFO  TestBaby:76 - loading config.properties
2018-03-03 00:12:15 INFO  TestBaby:81 - loading or.properties
2018-03-03 00:13:32 INFO  TestBaby:76 - loading config.properties
2018-03-03 00:13:32 INFO  TestBaby:81 - loading or.properties
2018-03-03 00:14:11 INFO  TestBaby:76 - loading config.properties
2018-03-03 00:14:11 INFO  TestBaby:81 - loading or.properties
2018-03-03 00:15:59 INFO  TestBaby:76 - loading config.properties
2018-03-03 00:15:59 INFO  TestBaby:81 - loading or.properties
2018-03-03 09:27:06 INFO  TestBaby:81 - loading config.properties
2018-03-03 09:27:06 INFO  TestBaby:86 - loading or.properties
2018-03-03 09:27:28 INFO  Excel_reader:19 - Creating excel object:-H:\NewFrame\saifPro/src/main/java/company/saifPro/Testdata/TestData.xlsx
2018-03-03 09:28:51 INFO  TestBaby:81 - loading config.properties
2018-03-03 09:28:51 INFO  TestBaby:86 - loading or.properties
2018-03-03 09:29:55 INFO  Excel_reader:19 - Creating excel object:-H:\NewFrame\saifPro/src/main/java/company/saifPro/Testdata/TestData.xlsx
2018-03-03 09:34:51 INFO  TestBaby:81 - loading config.properties
2018-03-03 09:34:51 INFO  TestBaby:86 - loading or.properties
2018-03-03 09:35:00 INFO  Excel_reader:19 - Creating excel object:-H:\NewFrame\saifPro/src/main/java/company/saifPro/Testdata/TestData.xlsx
2018-03-03 09:41:10 INFO  TestBaby:84 - loading config.properties
2018-03-03 09:41:10 INFO  TestBaby:89 - loading or.properties
2018-03-03 09:41:15 INFO  Excel_reader:19 - Creating excel object:-H:\NewFrame\saifPro/src/main/java/company/saifPro/Testdata/TestData.xlsx
2018-03-03 09:52:57 INFO  TestBaby:84 - loading config.properties
2018-03-03 09:52:57 INFO  TestBaby:89 - loading or.properties
2018-03-03 09:53:05 INFO  Excel_reader:19 - Creating excel object:-H:\NewFrame\saifPro/src/main/java/company/saifPro/Testdata/TestData.xlsx
2018-03-03 10:06:18 INFO  TestBaby:84 - loading config.properties
2018-03-03 10:06:18 INFO  TestBaby:89 - loading or.properties
2018-03-03 10:07:08 INFO  Excel_reader:19 - Creating excel object:-H:\NewFrame\saifPro/src/main/java/company/saifPro/Testdata/TestData.xlsx
2018-03-03 10:31:06 INFO  TestBaby:84 - loading config.properties
2018-03-03 10:31:06 INFO  TestBaby:89 - loading or.properties
2018-03-03 10:31:11 INFO  LoginTest:21 - company.saifPro.FaceBookTests.LoginTest started
2018-03-03 10:31:19 INFO  WaitHelper:61 - element found...
2018-03-03 10:31:19 INFO  FaceLogin:35 - FaceLogin Page
2018-03-03 10:32:43 INFO  TestBaby:84 - loading config.properties
2018-03-03 10:32:43 INFO  TestBaby:89 - loading or.properties
2018-03-03 10:32:47 INFO  LoginTest:21 - company.saifPro.FaceBookTests.LoginTest started
2018-03-03 10:32:53 INFO  WaitHelper:61 - element found...
2018-03-03 10:32:53 INFO  FaceLogin:35 - FaceLogin Page
2018-03-03 10:33:42 INFO  TestBaby:84 - loading config.properties
2018-03-03 10:33:42 INFO  TestBaby:89 - loading or.properties
2018-03-03 10:33:46 INFO  LoginTest:22 - company.saifPro.FaceBookTests.LoginTest started
2018-03-03 10:33:52 INFO  WaitHelper:61 - element found...
2018-03-03 10:33:52 INFO  FaceLogin:35 - FaceLogin Page
2018-03-03 11:25:41 INFO  TestBaby:84 - loading config.properties
2018-03-03 11:25:41 INFO  TestBaby:89 - loading or.properties
2018-03-03 11:25:48 INFO  LoginTest:22 - company.saifPro.FaceBookTests.LoginTest started
2018-03-03 11:25:59 INFO  WaitHelper:61 - element found...
2018-03-03 11:25:59 INFO  FaceLogin:43 - Entering name
2018-03-03 11:25:59 INFO  FaceLogin:49 - Entering pass
2018-03-03 11:26:41 INFO  TestBaby:84 - loading config.properties
2018-03-03 11:26:42 INFO  TestBaby:89 - loading or.properties
2018-03-03 11:26:47 INFO  LoginTest:22 - company.saifPro.FaceBookTests.LoginTest started
2018-03-03 11:26:54 INFO  WaitHelper:61 - element found...
2018-03-03 11:26:54 INFO  FaceLogin:43 - Entering name
2018-03-03 11:26:54 INFO  FaceLogin:49 - Entering pass
2018-03-03 11:29:07 INFO  TestBaby:84 - loading config.properties
2018-03-03 11:29:07 INFO  TestBaby:89 - loading or.properties
2018-03-03 11:29:12 INFO  LoginTest:22 - company.saifPro.FaceBookTests.LoginTest started
2018-03-03 11:29:20 INFO  WaitHelper:61 - element found...
2018-03-03 11:29:20 INFO  FaceLogin:43 - Entering name
2018-03-03 11:29:21 INFO  FaceLogin:49 - Entering pass
2018-03-03 11:31:22 INFO  TestBaby:84 - loading config.properties
2018-03-03 11:31:22 INFO  TestBaby:89 - loading or.properties
2018-03-03 11:31:27 INFO  LoginTest:22 - company.saifPro.FaceBookTests.LoginTest started
2018-03-03 11:31:32 INFO  WaitHelper:61 - element found...
2018-03-03 11:31:32 INFO  FaceLogin:43 - Entering name
2018-03-03 11:31:33 INFO  FaceLogin:49 - Entering pass
2018-03-03 11:31:33 INFO  FaceLogin:55 - Click on Login
2018-03-03 11:40:30 INFO  TestBaby:84 - loading config.properties
2018-03-03 11:40:30 INFO  TestBaby:89 - loading or.properties
2018-03-03 11:40:35 INFO  LoginTest:23 - company.saifPro.FaceBookTests.LoginTest started
2018-03-03 11:40:42 INFO  WaitHelper:61 - element found...
2018-03-03 11:40:42 INFO  FaceLogin:43 - Entering name
2018-03-03 11:40:43 INFO  FaceLogin:49 - Entering pass
2018-03-03 11:40:43 INFO  FaceLogin:55 - Click on Login
2018-03-03 11:40:46 INFO  WaitHelper:61 - element found...Recover Your Account
2018-03-03 11:58:33 INFO  TestBaby:84 - loading config.properties
2018-03-03 11:58:33 INFO  TestBaby:89 - loading or.properties
2018-03-03 11:58:38 INFO  LoginTest:24 - company.saifPro.FaceBookTests.LoginTest started
2018-03-03 11:58:44 INFO  LoginTest:29 - FACEbOOK lOHGIN
2018-03-03 11:58:44 INFO  WaitHelper:61 - element found...
2018-03-03 11:58:44 INFO  FaceLogin:43 - Entering name
2018-03-03 11:58:44 INFO  FaceLogin:49 - Entering pass
2018-03-03 11:58:45 INFO  FaceLogin:55 - Click on Login
2018-03-03 11:58:47 INFO  LoginTest:35 - RecoverPage
2018-03-03 11:58:47 INFO  WaitHelper:61 - element found...Recover Your Account
2018-03-03 12:04:54 INFO  TestBaby:84 - loading config.properties
2018-03-03 12:04:54 INFO  TestBaby:89 - loading or.properties
2018-03-03 12:04:58 INFO  LoginTest:24 - company.saifPro.FaceBookTests.LoginTest started
2018-03-03 12:05:03 INFO  LoginTest:29 - FACEbOOK lOHGIN
2018-03-03 12:05:04 INFO  WaitHelper:61 - element found...
2018-03-03 12:05:04 INFO  FaceLogin:43 - Entering name
2018-03-03 12:05:04 INFO  FaceLogin:49 - Entering pass
2018-03-03 12:05:04 INFO  FaceLogin:55 - Click on Login
2018-03-03 12:05:06 INFO  LoginTest:35 - RecoverPage
2018-03-03 12:05:06 INFO  WaitHelper:61 - element found...Recover Your Account
2018-03-03 12:12:17 INFO  TestBaby:84 - loading config.properties
2018-03-03 12:12:17 INFO  TestBaby:89 - loading or.properties
2018-03-03 12:12:21 INFO  LoginTest:24 - company.saifPro.FaceBookTests.LoginTest started
2018-03-03 12:12:28 INFO  LoginTest:29 - FACEbOOK lOHGIN
2018-03-03 12:12:28 INFO  WaitHelper:61 - element found...
2018-03-03 12:12:28 INFO  FaceLogin:43 - Entering name
2018-03-03 12:12:29 INFO  FaceLogin:49 - Entering pass
2018-03-03 12:12:29 INFO  FaceLogin:55 - Click on Login
2018-03-03 12:12:30 INFO  LoginTest:35 - RecoverPage
2018-03-03 12:12:30 INFO  WaitHelper:61 - element found...Recover Your Account
2018-03-03 12:13:45 INFO  TestBaby:84 - loading config.properties
2018-03-03 12:13:45 INFO  TestBaby:89 - loading or.properties
2018-03-03 12:13:48 INFO  LoginTest:24 - company.saifPro.FaceBookTests.LoginTest started
2018-03-03 12:13:52 INFO  LoginTest:29 - FACEbOOK lOHGIN
2018-03-03 12:13:53 INFO  WaitHelper:61 - element found...
2018-03-03 12:13:53 INFO  FaceLogin:43 - Entering name
2018-03-03 12:13:53 INFO  FaceLogin:49 - Entering pass
2018-03-03 12:13:53 INFO  FaceLogin:55 - Click on Login
2018-03-03 12:14:18 INFO  LoginTest:35 - RecoverPage
2018-03-03 12:14:18 INFO  WaitHelper:61 - element found...Recover Your Account
2018-03-03 12:16:21 INFO  TestBaby:84 - loading config.properties
2018-03-03 12:16:21 INFO  TestBaby:89 - loading or.properties
2018-03-03 12:16:25 INFO  LoginTest:24 - company.saifPro.FaceBookTests.LoginTest started
2018-03-03 12:16:29 INFO  LoginTest:29 - FACEbOOK lOHGIN
2018-03-03 12:16:29 INFO  WaitHelper:61 - element found...
2018-03-03 12:16:29 INFO  FaceLogin:43 - Entering name
2018-03-03 12:16:30 INFO  FaceLogin:49 - Entering pass
2018-03-03 12:16:30 INFO  FaceLogin:55 - Click on Login
2018-03-03 12:16:55 INFO  LoginTest:35 - RecoverPage
2018-03-03 12:16:55 INFO  WaitHelper:61 - element found...Recover Your Account
2018-03-03 12:22:16 INFO  TestBaby:84 - loading config.properties
2018-03-03 12:22:16 INFO  TestBaby:89 - loading or.properties
2018-03-03 12:22:20 INFO  LoginTest:24 - company.saifPro.FaceBookTests.LoginTest started
2018-03-03 12:22:29 INFO  LoginTest:29 - FACEbOOK lOHGIN
2018-03-03 12:22:29 INFO  WaitHelper:61 - element found...
2018-03-03 12:22:29 INFO  FaceLogin:43 - Entering name
2018-03-03 12:22:30 INFO  FaceLogin:49 - Entering pass
2018-03-03 12:22:30 INFO  FaceLogin:55 - Click on Login
2018-03-03 12:22:55 INFO  LoginTest:35 - RecoverPage
2018-03-03 12:22:55 INFO  WaitHelper:61 - element found...Recover Your Account
2018-03-03 12:23:03 INFO  WaitHelper:61 - element found...Facebook
2018-03-03 12:25:26 INFO  TestBaby:84 - loading config.properties
2018-03-03 12:25:26 INFO  TestBaby:89 - loading or.properties
2018-03-03 12:25:30 INFO  LoginTest:24 - company.saifPro.FaceBookTests.LoginTest started
2018-03-03 12:25:37 INFO  LoginTest:29 - FACEbOOK lOHGIN
2018-03-03 12:25:37 INFO  WaitHelper:61 - element found...
2018-03-03 12:25:37 INFO  FaceLogin:43 - Entering name
2018-03-03 12:25:37 INFO  FaceLogin:49 - Entering pass
2018-03-03 12:25:37 INFO  FaceLogin:55 - Click on Login
2018-03-03 12:26:00 INFO  TestBaby:84 - loading config.properties
2018-03-03 12:26:00 INFO  TestBaby:89 - loading or.properties
2018-03-03 12:26:05 INFO  LoginTest:24 - company.saifPro.FaceBookTests.LoginTest started
2018-03-03 12:26:11 INFO  LoginTest:29 - FACEbOOK lOHGIN
2018-03-03 12:26:11 INFO  WaitHelper:61 - element found...
2018-03-03 12:26:11 INFO  FaceLogin:43 - Entering name
2018-03-03 12:26:12 INFO  FaceLogin:49 - Entering pass
2018-03-03 12:26:12 INFO  FaceLogin:55 - Click on Login
2018-03-03 12:26:37 INFO  LoginTest:35 - RecoverPage
2018-03-03 12:33:52 INFO  TestBaby:84 - loading config.properties
2018-03-03 12:33:52 INFO  TestBaby:89 - loading or.properties
2018-03-03 12:34:00 INFO  LoginTest:24 - company.saifPro.FaceBookTests.LoginTest started
2018-03-03 12:34:07 INFO  LoginTest:29 - FACEbOOK lOHGIN
2018-03-03 12:34:07 INFO  WaitHelper:61 - element found...
2018-03-03 12:34:07 INFO  FaceLogin:43 - Entering name
2018-03-03 12:34:07 INFO  FaceLogin:49 - Entering pass
2018-03-03 12:34:08 INFO  FaceLogin:55 - Click on Login
2018-03-03 12:34:30 INFO  LoginTest:35 - RecoverPage
2018-03-03 12:34:30 INFO  WaitHelper:61 - element found...Recover Your Account
2018-03-03 12:34:31 INFO  WaitHelper:61 - element found...Facebook
2018-03-03 12:42:28 INFO  TestBaby:84 - loading config.properties
2018-03-03 12:42:28 INFO  TestBaby:89 - loading or.properties
2018-03-03 12:42:38 INFO  LoginTest:24 - company.saifPro.FaceBookTests.LoginTest started
2018-03-03 12:42:48 INFO  LoginTest:29 - FACEbOOK lOHGIN
2018-03-03 12:42:48 INFO  WaitHelper:61 - element found...
2018-03-03 12:42:48 INFO  FaceLogin:43 - Entering name
2018-03-03 12:42:48 INFO  FaceLogin:49 - Entering pass
2018-03-03 12:42:48 INFO  FaceLogin:55 - Click on Login
2018-03-03 12:43:15 INFO  LoginTest:35 - RecoverPage
2018-03-03 12:43:16 INFO  WaitHelper:61 - element found...Sign Up
2018-03-03 12:43:17 INFO  WaitHelper:61 - element found...Facebook
2018-03-03 12:45:48 INFO  TestBaby:84 - loading config.properties
2018-03-03 12:45:48 INFO  TestBaby:89 - loading or.properties
2018-03-03 12:45:52 INFO  LoginTest:24 - company.saifPro.FaceBookTests.LoginTest started
2018-03-03 12:45:55 INFO  LoginTest:29 - FACEbOOK lOHGIN
2018-03-03 12:45:55 INFO  WaitHelper:61 - element found...
2018-03-03 12:45:55 INFO  FaceLogin:43 - Entering name
2018-03-03 12:45:56 INFO  FaceLogin:49 - Entering pass
2018-03-03 12:45:56 INFO  FaceLogin:55 - Click on Login
2018-03-03 12:46:23 INFO  LoginTest:35 - RecoverPage
2018-03-03 12:46:23 INFO  WaitHelper:61 - element found...Sign Up
2018-03-03 12:46:24 INFO  WaitHelper:61 - element found...Facebook
2018-03-03 12:48:26 INFO  TestBaby:84 - loading config.properties
2018-03-03 12:48:26 INFO  TestBaby:89 - loading or.properties
2018-03-03 12:48:31 INFO  LoginTest:24 - company.saifPro.FaceBookTests.LoginTest started
2018-03-03 12:48:35 INFO  LoginTest:29 - FACEbOOK lOHGIN
2018-03-03 12:48:36 INFO  WaitHelper:61 - element found...
2018-03-03 12:48:36 INFO  FaceLogin:43 - Entering name
2018-03-03 12:48:36 INFO  FaceLogin:49 - Entering pass
2018-03-03 12:48:36 INFO  FaceLogin:55 - Click on Login
2018-03-03 12:49:02 INFO  LoginTest:35 - RecoverPage
2018-03-03 12:49:02 INFO  WaitHelper:61 - element found...Sign Up
2018-03-03 12:49:09 INFO  WaitHelper:61 - element found...Facebook
2018-03-03 12:50:15 INFO  TestBaby:84 - loading config.properties
2018-03-03 12:50:15 INFO  TestBaby:89 - loading or.properties
2018-03-03 12:50:20 INFO  LoginTest:24 - company.saifPro.FaceBookTests.LoginTest started
2018-03-03 12:50:25 INFO  LoginTest:29 - FACEbOOK lOHGIN
2018-03-03 12:50:25 INFO  WaitHelper:61 - element found...
2018-03-03 12:50:25 INFO  FaceLogin:43 - Entering name
2018-03-03 12:50:25 INFO  FaceLogin:49 - Entering pass
2018-03-03 12:50:26 INFO  FaceLogin:55 - Click on Login
2018-03-03 12:50:48 INFO  LoginTest:35 - RecoverPage
2018-03-03 12:50:48 INFO  WaitHelper:61 - element found...Sign Up
2018-03-03 12:52:04 INFO  WaitHelper:61 - element found...Facebook
2018-03-03 12:54:24 INFO  TestBaby:84 - loading config.properties
2018-03-03 12:54:24 INFO  TestBaby:89 - loading or.properties
2018-03-03 12:54:29 INFO  LoginTest:24 - company.saifPro.FaceBookTests.LoginTest started
2018-03-03 12:54:34 INFO  LoginTest:29 - FACEbOOK lOHGIN
2018-03-03 12:54:35 INFO  WaitHelper:61 - element found...
2018-03-03 12:54:35 INFO  FaceLogin:43 - Entering name
2018-03-03 12:54:35 INFO  FaceLogin:49 - Entering pass
2018-03-03 12:54:35 INFO  FaceLogin:55 - Click on Login
2018-03-03 12:55:02 INFO  LoginTest:35 - RecoverPage
2018-03-03 12:55:02 INFO  WaitHelper:61 - element found...Sign Up
2018-03-03 12:55:09 INFO  WaitHelper:61 - element found...Facebook
2018-03-03 12:56:22 INFO  TestBaby:84 - loading config.properties
2018-03-03 12:56:22 INFO  TestBaby:89 - loading or.properties
2018-03-03 12:56:26 INFO  LoginTest:25 - company.saifPro.FaceBookTests.LoginTest started
2018-03-03 12:56:33 INFO  LoginTest:30 - FACEbOOK lOHGIN
2018-03-03 12:56:33 INFO  WaitHelper:61 - element found...
2018-03-03 12:56:33 INFO  FaceLogin:43 - Entering name
2018-03-03 12:56:33 INFO  FaceLogin:49 - Entering pass
2018-03-03 12:56:34 INFO  FaceLogin:55 - Click on Login
2018-03-03 12:57:01 INFO  LoginTest:36 - RecoverPage
2018-03-03 12:57:01 INFO  WaitHelper:61 - element found...Sign Up
2018-03-03 12:57:08 INFO  WaitHelper:61 - element found...Facebook
2018-03-03 13:08:47 INFO  TestBaby:84 - loading config.properties
2018-03-03 13:08:47 INFO  TestBaby:89 - loading or.properties
2018-03-03 13:09:03 INFO  LoginTest:25 - company.saifPro.FaceBookTests.LoginTest started
2018-03-03 13:13:58 INFO  LoginTest:30 - FACEbOOK lOHGIN
2018-03-03 13:15:43 INFO  WaitHelper:61 - element found...
2018-03-03 13:16:45 INFO  FaceLogin:43 - Entering name
2018-03-03 13:16:52 INFO  FaceLogin:49 - Entering pass
2018-03-03 13:16:56 INFO  FaceLogin:55 - Click on Login
2018-03-03 13:17:19 INFO  LoginTest:36 - RecoverPage
2018-03-03 13:17:20 INFO  WaitHelper:61 - element found...Sign Up
2018-03-03 13:17:38 INFO  WaitHelper:61 - element found...Facebook
2018-03-03 13:27:58 INFO  TestBaby:84 - loading config.properties
2018-03-03 13:27:58 INFO  TestBaby:89 - loading or.properties
2018-03-03 13:28:09 INFO  LoginTest:25 - company.saifPro.FaceBookTests.LoginTest started
2018-03-03 13:30:10 INFO  LoginTest:30 - FACEbOOK lOHGIN
2018-03-03 13:30:15 INFO  WaitHelper:61 - element found...
2018-03-03 13:30:15 INFO  FaceLogin:43 - Entering name
2018-03-03 13:30:16 INFO  FaceLogin:49 - Entering pass
2018-03-03 13:30:16 INFO  FaceLogin:55 - Click on Login
2018-03-03 13:30:44 INFO  LoginTest:36 - RecoverPage
2018-03-03 13:30:45 INFO  WaitHelper:61 - element found...Sign Up
2018-03-03 13:33:30 INFO  WaitHelper:61 - element found...Facebook
2018-03-03 13:36:14 INFO  TestBaby:84 - loading config.properties
2018-03-03 13:36:14 INFO  TestBaby:89 - loading or.properties
2018-03-03 13:36:14 INFO  TestBaby:84 - loading config.properties
2018-03-03 13:36:14 INFO  TestBaby:89 - loading or.properties
2018-03-03 13:36:29 INFO  LoginTest:25 - company.saifPro.FaceBookTests.LoginTest started
2018-03-03 13:36:34 INFO  LoginTest:25 - company.saifPro.FaceBookTests.LoginTest started
2018-03-03 13:37:09 INFO  LoginTest:30 - FACEbOOK lOHGIN
2018-03-03 13:37:10 INFO  WaitHelper:61 - element found...
2018-03-03 13:37:10 INFO  FaceLogin:43 - Entering name
2018-03-03 13:37:10 INFO  FaceLogin:49 - Entering pass
2018-03-03 13:37:10 INFO  FaceLogin:55 - Click on Login
2018-03-03 13:37:38 INFO  LoginTest:36 - RecoverPage
2018-03-03 13:37:39 INFO  WaitHelper:61 - element found...Sign Up
2018-03-03 13:38:25 INFO  WaitHelper:61 - element found...Facebook
2018-03-03 13:40:42 INFO  TestBaby:84 - loading config.properties
2018-03-03 13:40:42 INFO  TestBaby:89 - loading or.properties
2018-03-03 13:40:49 INFO  LoginTest:25 - company.saifPro.FaceBookTests.LoginTest started
2018-03-03 13:46:49 INFO  LoginTest:30 - FACEbOOK lOHGIN
2018-03-03 13:48:20 INFO  WaitHelper:61 - element found...
2018-03-03 13:48:40 INFO  FaceLogin:43 - Entering name
2018-03-03 13:48:44 INFO  FaceLogin:49 - Entering pass
2018-03-03 13:48:47 INFO  FaceLogin:55 - Click on Login
2018-03-03 13:49:16 INFO  LoginTest:36 - RecoverPage
2018-03-03 13:49:18 INFO  WaitHelper:61 - element found...Sign Up
2018-03-03 13:50:30 INFO  WaitHelper:61 - element found...Facebook
2018-03-03 14:23:27 INFO  TestBaby:84 - loading config.properties
2018-03-03 14:23:27 INFO  TestBaby:89 - loading or.properties
2018-03-03 14:23:33 INFO  LoginTest:25 - company.saifPro.FaceBookTests.LoginTest started
2018-03-03 22:22:22 INFO  TestBaby:84 - loading config.properties
2018-03-03 22:22:22 INFO  TestBaby:89 - loading or.properties
2018-03-03 22:28:05 INFO  TestBaby:84 - loading config.properties
2018-03-03 22:28:05 INFO  TestBaby:89 - loading or.properties
2018-03-04 11:53:33 INFO  TestBaby:93 - loading config.properties
2018-03-04 11:53:33 INFO  TestBaby:98 - loading or.properties
2018-03-04 11:54:03 INFO  TestBaby:93 - loading config.properties
2018-03-04 11:54:03 INFO  TestBaby:98 - loading or.properties
2018-03-04 11:54:30 INFO  TestBaby:93 - loading config.properties
2018-03-04 11:54:30 INFO  TestBaby:98 - loading or.properties
2018-03-04 11:55:42 INFO  TestBaby:93 - loading config.properties
2018-03-04 11:55:42 INFO  TestBaby:98 - loading or.properties
2018-03-04 11:55:54 INFO  TestBaby:93 - loading config.properties
2018-03-04 11:55:54 INFO  TestBaby:98 - loading or.properties
2018-03-04 11:56:57 INFO  TestBaby:93 - loading config.properties
2018-03-04 11:56:57 INFO  TestBaby:98 - loading or.properties
2018-03-04 11:57:52 INFO  TestBaby:93 - loading config.properties
2018-03-04 11:57:52 INFO  TestBaby:98 - loading or.properties
2018-03-04 11:58:03 INFO  TestBaby:93 - loading config.properties
2018-03-04 11:58:03 INFO  TestBaby:98 - loading or.properties
2018-03-04 12:02:02 INFO  TestBaby:93 - loading config.properties
2018-03-04 12:02:02 INFO  TestBaby:98 - loading or.properties
2018-03-04 12:03:53 INFO  TestBaby:93 - loading config.properties
2018-03-04 12:03:53 INFO  TestBaby:98 - loading or.properties
2018-03-04 12:04:48 INFO  TestBaby:93 - loading config.properties
2018-03-04 12:04:48 INFO  TestBaby:98 - loading or.properties
2018-03-04 12:06:55 INFO  TestBaby:93 - loading config.properties
2018-03-04 12:06:55 INFO  TestBaby:98 - loading or.properties
2018-03-04 12:09:00 INFO  TestBaby:93 - loading config.properties
2018-03-04 12:09:00 INFO  TestBaby:98 - loading or.properties
2018-03-04 12:11:11 INFO  TestBaby:93 - loading config.properties
2018-03-04 12:11:11 INFO  TestBaby:98 - loading or.properties
2018-03-05 21:01:30 INFO  Excel_reader2:29 - Staring Excel Reader2 fileH:\NewFrame\saifPro/src/main/java/company/saifPro/TestData/TestData.xlsx
2018-03-05 21:01:31 INFO  Excel_reader2:36 - No. of row  7
2018-03-05 21:03:51 INFO  Excel_reader2:29 - Staring Excel Reader2 fileH:\NewFrame\saifPro/src/main/java/company/saifPro/TestData/TestData.xlsx
2018-03-05 21:03:53 INFO  Excel_reader2:36 - No. of row  7
2018-03-05 21:04:57 INFO  Excel_reader2:29 - Staring Excel Reader2 fileH:\NewFrame\saifPro/src/main/java/company/saifPro/TestData/TestData.xlsx
2018-03-05 21:04:58 INFO  Excel_reader2:36 - No. of row  7
2018-03-05 21:07:08 INFO  Excel_reader2:29 - Staring Excel Reader2 fileH:\NewFrame\saifPro/src/main/java/company/saifPro/TestData/TestData.xlsx
2018-03-05 21:07:09 INFO  Excel_reader2:37 - No. of row  7and No. of Col 3
2018-03-05 21:09:58 INFO  Excel_reader2:29 - Staring Excel Reader2 fileH:\NewFrame\saifPro/src/main/java/company/saifPro/TestData/TestData.xlsx
2018-03-05 21:09:59 INFO  Excel_reader2:37 - No. of row  7and No. of Col 3
2018-03-05 21:13:49 INFO  Excel_reader2:29 - Staring Excel Reader2 fileH:\NewFrame\saifPro/src/main/java/company/saifPro/TestData/TestData.xlsx
2018-03-05 21:13:50 INFO  Excel_reader2:37 - No. of row  7and No. of Col 3
2018-03-05 21:14:22 INFO  Excel_reader2:29 - Staring Excel Reader2 fileH:\NewFrame\saifPro/src/main/java/company/saifPro/TestData/TestData.xlsx
2018-03-05 21:14:23 INFO  Excel_reader2:37 - No. of row  7and No. of Col 3
2018-03-05 23:07:04 INFO  Excel_reader2:29 - Staring Excel Reader2 fileH:\NewFrame\saifPro/src/main/java/company/saifPro/TestData/TestData.xlsx
2018-03-05 23:10:38 INFO  Excel_reader2:37 - No. of row  7and No. of Col 3
